<<<<<<< HEAD
[03-Jun-2021 20:04:50 Europe/Berlin] PHP Notice:  Undefined index: nombres in C:\xampp\htdocs\grifos\views\modules\crear-venta.php on line 68
[03-Jun-2021 20:04:50 Europe/Berlin] PHP Notice:  Undefined index: idusuario in C:\xampp\htdocs\grifos\views\modules\crear-venta.php on line 70
[03-Jun-2021 20:04:52 Europe/Berlin] PHP Notice:  Undefined index: nombres in C:\xampp\htdocs\grifos\views\modules\crear-venta.php on line 68
[03-Jun-2021 20:04:52 Europe/Berlin] PHP Notice:  Undefined index: idusuario in C:\xampp\htdocs\grifos\views\modules\crear-venta.php on line 70
[03-Jun-2021 20:04:55 Europe/Berlin] PHP Notice:  Undefined index: nombres in C:\xampp\htdocs\grifos\views\modules\crear-venta.php on line 68
[03-Jun-2021 20:04:56 Europe/Berlin] PHP Notice:  Undefined index: idusuario in C:\xampp\htdocs\grifos\views\modules\crear-venta.php on line 70
[03-Jun-2021 20:04:56 Europe/Berlin] PHP Notice:  Undefined index: nombres in C:\xampp\htdocs\grifos\views\modules\crear-venta.php on line 68
[03-Jun-2021 20:04:56 Europe/Berlin] PHP Notice:  Undefined index: idusuario in C:\xampp\htdocs\grifos\views\modules\crear-venta.php on line 70
[03-Jun-2021 20:06:06 Europe/Berlin] PHP Notice:  Undefined index: nombres in C:\xampp\htdocs\grifos\views\modules\crear-venta.php on line 68
[03-Jun-2021 20:06:06 Europe/Berlin] PHP Notice:  Undefined index: idusuario in C:\xampp\htdocs\grifos\views\modules\crear-venta.php on line 70
=======
>>>>>>> e33bc66f3757a958f43a9dac3062b2936a6f8a96
[03-Jun-2021 20:12:55 Europe/Berlin] PHP Notice:  Undefined index: nombres in C:\xampp\htdocs\grifos\views\modules\crear-venta.php on line 68
[03-Jun-2021 20:12:55 Europe/Berlin] PHP Notice:  Undefined index: idusuario in C:\xampp\htdocs\grifos\views\modules\crear-venta.php on line 70
[04-Jun-2021 15:47:57 Europe/Berlin] PHP Notice:  Undefined index: descuento in C:\xampp\htdocs\grifos\views\modules\inicio.php on line 18
[04-Jun-2021 15:48:03 Europe/Berlin] PHP Notice:  Undefined index: nombres in C:\xampp\htdocs\grifos\views\modules\crear-venta.php on line 68
[04-Jun-2021 15:48:03 Europe/Berlin] PHP Notice:  Undefined index: idusuario in C:\xampp\htdocs\grifos\views\modules\crear-venta.php on line 70
[04-Jun-2021 16:08:25 Europe/Berlin] PHP Notice:  Undefined index: nombres in C:\xampp\htdocs\grifos\views\modules\crear-venta.php on line 68
[04-Jun-2021 16:08:25 Europe/Berlin] PHP Notice:  Undefined index: idusuario in C:\xampp\htdocs\grifos\views\modules\crear-venta.php on line 70
[04-Jun-2021 16:42:21 Europe/Berlin] PHP Notice:  Undefined index: nombres in C:\xampp\htdocs\grifos\views\modules\crear-venta.php on line 68
[04-Jun-2021 16:42:21 Europe/Berlin] PHP Notice:  Undefined index: idusuario in C:\xampp\htdocs\grifos\views\modules\crear-venta.php on line 70
[04-Jun-2021 16:42:57 Europe/Berlin] PHP Notice:  Undefined index: nombres in C:\xampp\htdocs\grifos\views\modules\crear-venta.php on line 68
[04-Jun-2021 16:42:57 Europe/Berlin] PHP Notice:  Undefined index: idusuario in C:\xampp\htdocs\grifos\views\modules\crear-venta.php on line 70
[04-Jun-2021 16:46:19 Europe/Berlin] PHP Notice:  Undefined index: nombres in C:\xampp\htdocs\grifos\views\modules\crear-venta.php on line 68
[04-Jun-2021 16:46:19 Europe/Berlin] PHP Notice:  Undefined index: idusuario in C:\xampp\htdocs\grifos\views\modules\crear-venta.php on line 70
[04-Jun-2021 16:47:06 Europe/Berlin] PHP Notice:  Undefined index: nombres in C:\xampp\htdocs\grifos\views\modules\crear-venta.php on line 68
[04-Jun-2021 16:47:06 Europe/Berlin] PHP Notice:  Undefined index: idusuario in C:\xampp\htdocs\grifos\views\modules\crear-venta.php on line 70
[04-Jun-2021 16:50:26 Europe/Berlin] PHP Notice:  Undefined index: descuento in C:\xampp\htdocs\grifos\views\modules\inicio.php on line 18
[04-Jun-2021 16:50:32 Europe/Berlin] PHP Notice:  Undefined index: nombres in C:\xampp\htdocs\grifos\views\modules\crear-venta.php on line 68
[04-Jun-2021 16:50:32 Europe/Berlin] PHP Notice:  Undefined index: idusuario in C:\xampp\htdocs\grifos\views\modules\crear-venta.php on line 70
[04-Jun-2021 16:52:35 Europe/Berlin] PHP Notice:  Undefined index: nombres in C:\xampp\htdocs\grifos\views\modules\crear-venta.php on line 68
[04-Jun-2021 16:52:35 Europe/Berlin] PHP Notice:  Undefined index: idusuario in C:\xampp\htdocs\grifos\views\modules\crear-venta.php on line 70
[04-Jun-2021 16:52:47 Europe/Berlin] PHP Notice:  Undefined index: nombres in C:\xampp\htdocs\grifos\views\modules\crear-venta.php on line 68
[04-Jun-2021 16:52:47 Europe/Berlin] PHP Notice:  Undefined index: idusuario in C:\xampp\htdocs\grifos\views\modules\crear-venta.php on line 70
[04-Jun-2021 16:53:31 Europe/Berlin] PHP Notice:  Undefined index: nombres in C:\xampp\htdocs\grifos\views\modules\crear-venta.php on line 68
[04-Jun-2021 16:53:31 Europe/Berlin] PHP Notice:  Undefined index: idusuario in C:\xampp\htdocs\grifos\views\modules\crear-venta.php on line 70
[04-Jun-2021 16:53:37 Europe/Berlin] PHP Notice:  Undefined index: nombres in C:\xampp\htdocs\grifos\views\modules\crear-venta.php on line 68
[04-Jun-2021 16:53:37 Europe/Berlin] PHP Notice:  Undefined index: idusuario in C:\xampp\htdocs\grifos\views\modules\crear-venta.php on line 70
[04-Jun-2021 16:53:41 Europe/Berlin] PHP Notice:  Undefined index: nombres in C:\xampp\htdocs\grifos\views\modules\crear-venta.php on line 68
[04-Jun-2021 16:53:41 Europe/Berlin] PHP Notice:  Undefined index: idusuario in C:\xampp\htdocs\grifos\views\modules\crear-venta.php on line 70
[04-Jun-2021 16:54:26 Europe/Berlin] PHP Notice:  Undefined index: nombres in C:\xampp\htdocs\grifos\views\modules\crear-venta.php on line 68
[04-Jun-2021 16:54:26 Europe/Berlin] PHP Notice:  Undefined index: idusuario in C:\xampp\htdocs\grifos\views\modules\crear-venta.php on line 70
[04-Jun-2021 16:55:12 Europe/Berlin] PHP Notice:  Undefined index: nombres in C:\xampp\htdocs\grifos\views\modules\crear-venta.php on line 68
[04-Jun-2021 16:55:12 Europe/Berlin] PHP Notice:  Undefined index: idusuario in C:\xampp\htdocs\grifos\views\modules\crear-venta.php on line 70
[04-Jun-2021 16:55:12 Europe/Berlin] PHP Notice:  Undefined index: nombres in C:\xampp\htdocs\grifos\views\modules\crear-venta.php on line 68
[04-Jun-2021 16:55:12 Europe/Berlin] PHP Notice:  Undefined index: idusuario in C:\xampp\htdocs\grifos\views\modules\crear-venta.php on line 70
[04-Jun-2021 16:55:13 Europe/Berlin] PHP Notice:  Undefined index: nombres in C:\xampp\htdocs\grifos\views\modules\crear-venta.php on line 68
[04-Jun-2021 16:55:13 Europe/Berlin] PHP Notice:  Undefined index: idusuario in C:\xampp\htdocs\grifos\views\modules\crear-venta.php on line 70
[04-Jun-2021 16:55:13 Europe/Berlin] PHP Notice:  Undefined index: nombres in C:\xampp\htdocs\grifos\views\modules\crear-venta.php on line 68
[04-Jun-2021 16:55:13 Europe/Berlin] PHP Notice:  Undefined index: idusuario in C:\xampp\htdocs\grifos\views\modules\crear-venta.php on line 70
[04-Jun-2021 16:55:14 Europe/Berlin] PHP Notice:  Undefined index: nombres in C:\xampp\htdocs\grifos\views\modules\crear-venta.php on line 68
[04-Jun-2021 16:55:14 Europe/Berlin] PHP Notice:  Undefined index: idusuario in C:\xampp\htdocs\grifos\views\modules\crear-venta.php on line 70
[04-Jun-2021 16:55:16 Europe/Berlin] PHP Notice:  Undefined index: nombres in C:\xampp\htdocs\grifos\views\modules\crear-venta.php on line 68
[04-Jun-2021 16:55:16 Europe/Berlin] PHP Notice:  Undefined index: idusuario in C:\xampp\htdocs\grifos\views\modules\crear-venta.php on line 70
[04-Jun-2021 17:17:11 Europe/Berlin] PHP Notice:  Undefined index: nombres in C:\xampp\htdocs\grifos\views\modules\crear-venta.php on line 68
[04-Jun-2021 17:17:11 Europe/Berlin] PHP Notice:  Undefined index: idusuario in C:\xampp\htdocs\grifos\views\modules\crear-venta.php on line 70
[04-Jun-2021 17:17:21 Europe/Berlin] PHP Notice:  Undefined index: nombres in C:\xampp\htdocs\grifos\views\modules\crear-venta.php on line 68
[04-Jun-2021 17:17:21 Europe/Berlin] PHP Notice:  Undefined index: idusuario in C:\xampp\htdocs\grifos\views\modules\crear-venta.php on line 70
[04-Jun-2021 17:18:27 Europe/Berlin] PHP Notice:  Undefined index: nombres in C:\xampp\htdocs\grifos\views\modules\crear-venta.php on line 68
[04-Jun-2021 17:18:27 Europe/Berlin] PHP Notice:  Undefined index: idusuario in C:\xampp\htdocs\grifos\views\modules\crear-venta.php on line 70
[04-Jun-2021 17:18:28 Europe/Berlin] PHP Notice:  Undefined index: nombres in C:\xampp\htdocs\grifos\views\modules\crear-venta.php on line 68
[04-Jun-2021 17:18:28 Europe/Berlin] PHP Notice:  Undefined index: idusuario in C:\xampp\htdocs\grifos\views\modules\crear-venta.php on line 70
[04-Jun-2021 17:18:28 Europe/Berlin] PHP Notice:  Undefined index: nombres in C:\xampp\htdocs\grifos\views\modules\crear-venta.php on line 68
[04-Jun-2021 17:18:28 Europe/Berlin] PHP Notice:  Undefined index: idusuario in C:\xampp\htdocs\grifos\views\modules\crear-venta.php on line 70
[04-Jun-2021 17:18:29 Europe/Berlin] PHP Notice:  Undefined index: nombres in C:\xampp\htdocs\grifos\views\modules\crear-venta.php on line 68
[04-Jun-2021 17:18:29 Europe/Berlin] PHP Notice:  Undefined index: idusuario in C:\xampp\htdocs\grifos\views\modules\crear-venta.php on line 70
[04-Jun-2021 17:18:46 Europe/Berlin] PHP Notice:  Undefined index: nombres in C:\xampp\htdocs\grifos\views\modules\crear-venta.php on line 68
[04-Jun-2021 17:18:46 Europe/Berlin] PHP Notice:  Undefined index: idusuario in C:\xampp\htdocs\grifos\views\modules\crear-venta.php on line 70
[04-Jun-2021 17:19:04 Europe/Berlin] PHP Notice:  Undefined index: nombres in C:\xampp\htdocs\grifos\views\modules\crear-venta.php on line 68
[04-Jun-2021 17:19:04 Europe/Berlin] PHP Notice:  Undefined index: idusuario in C:\xampp\htdocs\grifos\views\modules\crear-venta.php on line 70
[04-Jun-2021 17:19:24 Europe/Berlin] PHP Notice:  Undefined index: nombres in C:\xampp\htdocs\grifos\views\modules\crear-venta.php on line 68
[04-Jun-2021 17:19:24 Europe/Berlin] PHP Notice:  Undefined index: idusuario in C:\xampp\htdocs\grifos\views\modules\crear-venta.php on line 70
[04-Jun-2021 17:19:32 Europe/Berlin] PHP Notice:  Undefined index: nombres in C:\xampp\htdocs\grifos\views\modules\crear-venta.php on line 68
[04-Jun-2021 17:19:32 Europe/Berlin] PHP Notice:  Undefined index: idusuario in C:\xampp\htdocs\grifos\views\modules\crear-venta.php on line 70
[04-Jun-2021 17:22:57 Europe/Berlin] PHP Notice:  Undefined index: nombres in C:\xampp\htdocs\grifos\views\modules\crear-venta.php on line 69
[04-Jun-2021 17:22:57 Europe/Berlin] PHP Notice:  Undefined index: idusuario in C:\xampp\htdocs\grifos\views\modules\crear-venta.php on line 71
[04-Jun-2021 17:23:06 Europe/Berlin] PHP Notice:  Undefined index: nombres in C:\xampp\htdocs\grifos\views\modules\crear-venta.php on line 69
[04-Jun-2021 17:23:06 Europe/Berlin] PHP Notice:  Undefined index: idusuario in C:\xampp\htdocs\grifos\views\modules\crear-venta.php on line 71
[04-Jun-2021 17:23:06 Europe/Berlin] PHP Notice:  Undefined index: nombres in C:\xampp\htdocs\grifos\views\modules\crear-venta.php on line 69
[04-Jun-2021 17:23:06 Europe/Berlin] PHP Notice:  Undefined index: idusuario in C:\xampp\htdocs\grifos\views\modules\crear-venta.php on line 71
[04-Jun-2021 17:23:07 Europe/Berlin] PHP Notice:  Undefined index: nombres in C:\xampp\htdocs\grifos\views\modules\crear-venta.php on line 69
[04-Jun-2021 17:23:07 Europe/Berlin] PHP Notice:  Undefined index: idusuario in C:\xampp\htdocs\grifos\views\modules\crear-venta.php on line 71
[04-Jun-2021 17:23:07 Europe/Berlin] PHP Notice:  Undefined index: nombres in C:\xampp\htdocs\grifos\views\modules\crear-venta.php on line 69
[04-Jun-2021 17:23:07 Europe/Berlin] PHP Notice:  Undefined index: idusuario in C:\xampp\htdocs\grifos\views\modules\crear-venta.php on line 71
[04-Jun-2021 17:23:08 Europe/Berlin] PHP Notice:  Undefined index: nombres in C:\xampp\htdocs\grifos\views\modules\crear-venta.php on line 69
[04-Jun-2021 17:23:08 Europe/Berlin] PHP Notice:  Undefined index: idusuario in C:\xampp\htdocs\grifos\views\modules\crear-venta.php on line 71
[04-Jun-2021 17:25:28 Europe/Berlin] PHP Notice:  Undefined index: nombres in C:\xampp\htdocs\grifos\views\modules\crear-venta.php on line 69
[04-Jun-2021 17:25:28 Europe/Berlin] PHP Notice:  Undefined index: idusuario in C:\xampp\htdocs\grifos\views\modules\crear-venta.php on line 71
[04-Jun-2021 17:26:13 Europe/Berlin] PHP Notice:  Undefined index: nombres in C:\xampp\htdocs\grifos\views\modules\crear-venta.php on line 69
[04-Jun-2021 17:26:13 Europe/Berlin] PHP Notice:  Undefined index: idusuario in C:\xampp\htdocs\grifos\views\modules\crear-venta.php on line 71
[04-Jun-2021 17:26:31 Europe/Berlin] PHP Notice:  Undefined index: nombres in C:\xampp\htdocs\grifos\views\modules\crear-venta.php on line 69
[04-Jun-2021 17:26:31 Europe/Berlin] PHP Notice:  Undefined index: idusuario in C:\xampp\htdocs\grifos\views\modules\crear-venta.php on line 71
[04-Jun-2021 17:26:32 Europe/Berlin] PHP Notice:  Undefined index: nombres in C:\xampp\htdocs\grifos\views\modules\crear-venta.php on line 69
[04-Jun-2021 17:26:32 Europe/Berlin] PHP Notice:  Undefined index: idusuario in C:\xampp\htdocs\grifos\views\modules\crear-venta.php on line 71
[04-Jun-2021 17:32:02 Europe/Berlin] PHP Notice:  Undefined index: nombres in C:\xampp\htdocs\grifos\views\modules\crear-venta.php on line 69
[04-Jun-2021 17:32:02 Europe/Berlin] PHP Notice:  Undefined index: idusuario in C:\xampp\htdocs\grifos\views\modules\crear-venta.php on line 71
[04-Jun-2021 17:32:02 Europe/Berlin] PHP Notice:  Undefined index: nombres in C:\xampp\htdocs\grifos\views\modules\crear-venta.php on line 69
[04-Jun-2021 17:32:02 Europe/Berlin] PHP Notice:  Undefined index: idusuario in C:\xampp\htdocs\grifos\views\modules\crear-venta.php on line 71
[04-Jun-2021 17:32:03 Europe/Berlin] PHP Notice:  Undefined index: nombres in C:\xampp\htdocs\grifos\views\modules\crear-venta.php on line 69
[04-Jun-2021 17:32:03 Europe/Berlin] PHP Notice:  Undefined index: idusuario in C:\xampp\htdocs\grifos\views\modules\crear-venta.php on line 71
[04-Jun-2021 17:33:29 Europe/Berlin] PHP Notice:  Undefined index: nombres in C:\xampp\htdocs\grifos\views\modules\crear-venta.php on line 69
[04-Jun-2021 17:33:29 Europe/Berlin] PHP Notice:  Undefined index: idusuario in C:\xampp\htdocs\grifos\views\modules\crear-venta.php on line 71
[04-Jun-2021 17:35:32 Europe/Berlin] PHP Notice:  Undefined index: nombres in C:\xampp\htdocs\grifos\views\modules\crear-venta.php on line 69
[04-Jun-2021 17:35:32 Europe/Berlin] PHP Notice:  Undefined index: idusuario in C:\xampp\htdocs\grifos\views\modules\crear-venta.php on line 71
[04-Jun-2021 17:35:33 Europe/Berlin] PHP Notice:  Undefined index: nombres in C:\xampp\htdocs\grifos\views\modules\crear-venta.php on line 69
[04-Jun-2021 17:35:33 Europe/Berlin] PHP Notice:  Undefined index: idusuario in C:\xampp\htdocs\grifos\views\modules\crear-venta.php on line 71
[04-Jun-2021 17:35:33 Europe/Berlin] PHP Notice:  Undefined index: nombres in C:\xampp\htdocs\grifos\views\modules\crear-venta.php on line 69
[04-Jun-2021 17:35:33 Europe/Berlin] PHP Notice:  Undefined index: idusuario in C:\xampp\htdocs\grifos\views\modules\crear-venta.php on line 71
[04-Jun-2021 17:35:33 Europe/Berlin] PHP Notice:  Undefined index: nombres in C:\xampp\htdocs\grifos\views\modules\crear-venta.php on line 69
[04-Jun-2021 17:35:33 Europe/Berlin] PHP Notice:  Undefined index: idusuario in C:\xampp\htdocs\grifos\views\modules\crear-venta.php on line 71
[04-Jun-2021 17:35:37 Europe/Berlin] PHP Notice:  Undefined index: nombres in C:\xampp\htdocs\grifos\views\modules\crear-venta.php on line 69
[04-Jun-2021 17:35:37 Europe/Berlin] PHP Notice:  Undefined index: idusuario in C:\xampp\htdocs\grifos\views\modules\crear-venta.php on line 71
[04-Jun-2021 17:39:12 Europe/Berlin] PHP Notice:  Undefined index: nombres in C:\xampp\htdocs\grifos\views\modules\crear-venta.php on line 69
[04-Jun-2021 17:39:12 Europe/Berlin] PHP Notice:  Undefined index: idusuario in C:\xampp\htdocs\grifos\views\modules\crear-venta.php on line 71
[04-Jun-2021 17:39:13 Europe/Berlin] PHP Notice:  Undefined index: nombres in C:\xampp\htdocs\grifos\views\modules\crear-venta.php on line 69
[04-Jun-2021 17:39:13 Europe/Berlin] PHP Notice:  Undefined index: idusuario in C:\xampp\htdocs\grifos\views\modules\crear-venta.php on line 71
[04-Jun-2021 17:39:52 Europe/Berlin] PHP Notice:  Undefined index: nombres in C:\xampp\htdocs\grifos\views\modules\crear-venta.php on line 69
[04-Jun-2021 17:39:52 Europe/Berlin] PHP Notice:  Undefined index: idusuario in C:\xampp\htdocs\grifos\views\modules\crear-venta.php on line 71
[04-Jun-2021 17:40:37 Europe/Berlin] PHP Notice:  Undefined index: nombres in C:\xampp\htdocs\grifos\views\modules\crear-venta.php on line 69
[04-Jun-2021 17:40:37 Europe/Berlin] PHP Notice:  Undefined index: idusuario in C:\xampp\htdocs\grifos\views\modules\crear-venta.php on line 71
[04-Jun-2021 17:40:39 Europe/Berlin] PHP Notice:  Undefined index: nombres in C:\xampp\htdocs\grifos\views\modules\crear-venta.php on line 69
[04-Jun-2021 17:40:39 Europe/Berlin] PHP Notice:  Undefined index: idusuario in C:\xampp\htdocs\grifos\views\modules\crear-venta.php on line 71
[04-Jun-2021 17:40:50 Europe/Berlin] PHP Notice:  Undefined index: nombres in C:\xampp\htdocs\grifos\views\modules\crear-venta.php on line 69
[04-Jun-2021 17:40:50 Europe/Berlin] PHP Notice:  Undefined index: idusuario in C:\xampp\htdocs\grifos\views\modules\crear-venta.php on line 71
[04-Jun-2021 17:41:47 Europe/Berlin] PHP Notice:  Undefined index: nombres in C:\xampp\htdocs\grifos\views\modules\crear-venta.php on line 69
[04-Jun-2021 17:41:47 Europe/Berlin] PHP Notice:  Undefined index: idusuario in C:\xampp\htdocs\grifos\views\modules\crear-venta.php on line 71
[04-Jun-2021 17:42:21 Europe/Berlin] PHP Notice:  Undefined index: nombres in C:\xampp\htdocs\grifos\views\modules\crear-venta.php on line 69
[04-Jun-2021 17:42:21 Europe/Berlin] PHP Notice:  Undefined index: idusuario in C:\xampp\htdocs\grifos\views\modules\crear-venta.php on line 71
[04-Jun-2021 17:43:00 Europe/Berlin] PHP Notice:  Undefined index: descuento in C:\xampp\htdocs\grifos\views\modules\inicio.php on line 18
[04-Jun-2021 17:43:05 Europe/Berlin] PHP Notice:  Undefined index: nombres in C:\xampp\htdocs\grifos\views\modules\crear-venta.php on line 69
[04-Jun-2021 17:43:05 Europe/Berlin] PHP Notice:  Undefined index: idusuario in C:\xampp\htdocs\grifos\views\modules\crear-venta.php on line 71
[04-Jun-2021 17:45:26 Europe/Berlin] PHP Notice:  Undefined index: nombres in C:\xampp\htdocs\grifos\views\modules\crear-venta.php on line 69
[04-Jun-2021 17:45:26 Europe/Berlin] PHP Notice:  Undefined index: idusuario in C:\xampp\htdocs\grifos\views\modules\crear-venta.php on line 71
[04-Jun-2021 17:45:27 Europe/Berlin] PHP Notice:  Undefined index: nombres in C:\xampp\htdocs\grifos\views\modules\crear-venta.php on line 69
[04-Jun-2021 17:45:27 Europe/Berlin] PHP Notice:  Undefined index: idusuario in C:\xampp\htdocs\grifos\views\modules\crear-venta.php on line 71
[04-Jun-2021 17:45:56 Europe/Berlin] PHP Notice:  Undefined index: nombres in C:\xampp\htdocs\grifos\views\modules\crear-venta.php on line 69
[04-Jun-2021 17:45:56 Europe/Berlin] PHP Notice:  Undefined index: idusuario in C:\xampp\htdocs\grifos\views\modules\crear-venta.php on line 71
[04-Jun-2021 17:45:58 Europe/Berlin] PHP Notice:  Undefined index: nombres in C:\xampp\htdocs\grifos\views\modules\crear-venta.php on line 69
[04-Jun-2021 17:45:58 Europe/Berlin] PHP Notice:  Undefined index: idusuario in C:\xampp\htdocs\grifos\views\modules\crear-venta.php on line 71
[04-Jun-2021 17:46:29 Europe/Berlin] PHP Notice:  Undefined index: nombres in C:\xampp\htdocs\grifos\views\modules\crear-venta.php on line 69
[04-Jun-2021 17:46:29 Europe/Berlin] PHP Notice:  Undefined index: idusuario in C:\xampp\htdocs\grifos\views\modules\crear-venta.php on line 71
[04-Jun-2021 17:46:30 Europe/Berlin] PHP Notice:  Undefined index: nombres in C:\xampp\htdocs\grifos\views\modules\crear-venta.php on line 69
[04-Jun-2021 17:46:30 Europe/Berlin] PHP Notice:  Undefined index: idusuario in C:\xampp\htdocs\grifos\views\modules\crear-venta.php on line 71
[04-Jun-2021 17:47:27 Europe/Berlin] PHP Notice:  Undefined index: nombres in C:\xampp\htdocs\grifos\views\modules\crear-venta.php on line 69
[04-Jun-2021 17:47:27 Europe/Berlin] PHP Notice:  Undefined index: idusuario in C:\xampp\htdocs\grifos\views\modules\crear-venta.php on line 71
[04-Jun-2021 17:52:32 Europe/Berlin] PHP Notice:  Undefined index: nombres in C:\xampp\htdocs\grifos\views\modules\crear-venta.php on line 69
[04-Jun-2021 17:52:32 Europe/Berlin] PHP Notice:  Undefined index: idusuario in C:\xampp\htdocs\grifos\views\modules\crear-venta.php on line 71
[04-Jun-2021 17:52:54 Europe/Berlin] PHP Notice:  Undefined index: nombres in C:\xampp\htdocs\grifos\views\modules\crear-venta.php on line 69
[04-Jun-2021 17:52:54 Europe/Berlin] PHP Notice:  Undefined index: idusuario in C:\xampp\htdocs\grifos\views\modules\crear-venta.php on line 71
[04-Jun-2021 17:53:07 Europe/Berlin] PHP Notice:  Undefined index: nombres in C:\xampp\htdocs\grifos\views\modules\crear-venta.php on line 69
[04-Jun-2021 17:53:07 Europe/Berlin] PHP Notice:  Undefined index: idusuario in C:\xampp\htdocs\grifos\views\modules\crear-venta.php on line 71
[04-Jun-2021 17:57:34 Europe/Berlin] PHP Notice:  Undefined index: nombres in C:\xampp\htdocs\grifos\views\modules\crear-venta.php on line 69
[04-Jun-2021 17:57:34 Europe/Berlin] PHP Notice:  Undefined index: idusuario in C:\xampp\htdocs\grifos\views\modules\crear-venta.php on line 71
[04-Jun-2021 18:01:07 Europe/Berlin] PHP Notice:  Undefined index: nombres in C:\xampp\htdocs\grifos\views\modules\crear-venta.php on line 69
[04-Jun-2021 18:01:07 Europe/Berlin] PHP Notice:  Undefined index: idusuario in C:\xampp\htdocs\grifos\views\modules\crear-venta.php on line 71
[04-Jun-2021 18:02:07 Europe/Berlin] PHP Notice:  Undefined index: nombres in C:\xampp\htdocs\grifos\views\modules\crear-venta.php on line 69
[04-Jun-2021 18:02:07 Europe/Berlin] PHP Notice:  Undefined index: idusuario in C:\xampp\htdocs\grifos\views\modules\crear-venta.php on line 71
[04-Jun-2021 18:03:07 Europe/Berlin] PHP Notice:  Undefined index: nombres in C:\xampp\htdocs\grifos\views\modules\crear-venta.php on line 69
[04-Jun-2021 18:03:07 Europe/Berlin] PHP Notice:  Undefined index: idusuario in C:\xampp\htdocs\grifos\views\modules\crear-venta.php on line 71
[04-Jun-2021 18:07:23 Europe/Berlin] PHP Notice:  Undefined index: nombres in C:\xampp\htdocs\grifos\views\modules\crear-venta.php on line 69
[04-Jun-2021 18:07:23 Europe/Berlin] PHP Notice:  Undefined index: idusuario in C:\xampp\htdocs\grifos\views\modules\crear-venta.php on line 71
[04-Jun-2021 18:07:57 Europe/Berlin] PHP Notice:  Undefined index: nombres in C:\xampp\htdocs\grifos\views\modules\crear-venta.php on line 69
[04-Jun-2021 18:07:57 Europe/Berlin] PHP Notice:  Undefined index: idusuario in C:\xampp\htdocs\grifos\views\modules\crear-venta.php on line 71
[04-Jun-2021 18:09:27 Europe/Berlin] PHP Notice:  Undefined index: nombres in C:\xampp\htdocs\grifos\views\modules\crear-venta.php on line 69
[04-Jun-2021 18:09:27 Europe/Berlin] PHP Notice:  Undefined index: idusuario in C:\xampp\htdocs\grifos\views\modules\crear-venta.php on line 71
[04-Jun-2021 18:10:00 Europe/Berlin] PHP Notice:  Undefined index: nombres in C:\xampp\htdocs\grifos\views\modules\crear-venta.php on line 69
[04-Jun-2021 18:10:00 Europe/Berlin] PHP Notice:  Undefined index: idusuario in C:\xampp\htdocs\grifos\views\modules\crear-venta.php on line 71
[04-Jun-2021 18:10:01 Europe/Berlin] PHP Notice:  Undefined index: nombres in C:\xampp\htdocs\grifos\views\modules\crear-venta.php on line 69
[04-Jun-2021 18:10:01 Europe/Berlin] PHP Notice:  Undefined index: idusuario in C:\xampp\htdocs\grifos\views\modules\crear-venta.php on line 71
[04-Jun-2021 18:10:01 Europe/Berlin] PHP Notice:  Undefined index: nombres in C:\xampp\htdocs\grifos\views\modules\crear-venta.php on line 69
[04-Jun-2021 18:10:01 Europe/Berlin] PHP Notice:  Undefined index: idusuario in C:\xampp\htdocs\grifos\views\modules\crear-venta.php on line 71
[04-Jun-2021 18:10:16 Europe/Berlin] PHP Notice:  Undefined index: nombres in C:\xampp\htdocs\grifos\views\modules\crear-venta.php on line 69
[04-Jun-2021 18:10:17 Europe/Berlin] PHP Notice:  Undefined index: idusuario in C:\xampp\htdocs\grifos\views\modules\crear-venta.php on line 71
[04-Jun-2021 18:11:05 Europe/Berlin] PHP Notice:  Undefined index: nombres in C:\xampp\htdocs\grifos\views\modules\crear-venta.php on line 69
[04-Jun-2021 18:11:05 Europe/Berlin] PHP Notice:  Undefined index: idusuario in C:\xampp\htdocs\grifos\views\modules\crear-venta.php on line 71
[04-Jun-2021 18:11:19 Europe/Berlin] PHP Notice:  Undefined index: nombres in C:\xampp\htdocs\grifos\views\modules\crear-venta.php on line 69
[04-Jun-2021 18:11:19 Europe/Berlin] PHP Notice:  Undefined index: idusuario in C:\xampp\htdocs\grifos\views\modules\crear-venta.php on line 71
[04-Jun-2021 18:11:23 Europe/Berlin] PHP Notice:  Undefined index: nombres in C:\xampp\htdocs\grifos\views\modules\crear-venta.php on line 69
[04-Jun-2021 18:11:23 Europe/Berlin] PHP Notice:  Undefined index: idusuario in C:\xampp\htdocs\grifos\views\modules\crear-venta.php on line 71
[04-Jun-2021 18:12:27 Europe/Berlin] PHP Notice:  Undefined index: nombres in C:\xampp\htdocs\grifos\views\modules\crear-venta.php on line 69
[04-Jun-2021 18:12:27 Europe/Berlin] PHP Notice:  Undefined index: idusuario in C:\xampp\htdocs\grifos\views\modules\crear-venta.php on line 71
[04-Jun-2021 18:14:08 Europe/Berlin] PHP Notice:  Undefined index: nombres in C:\xampp\htdocs\grifos\views\modules\crear-venta.php on line 69
[04-Jun-2021 18:14:08 Europe/Berlin] PHP Notice:  Undefined index: idusuario in C:\xampp\htdocs\grifos\views\modules\crear-venta.php on line 71
[04-Jun-2021 18:14:35 Europe/Berlin] PHP Notice:  Undefined index: nombres in C:\xampp\htdocs\grifos\views\modules\crear-venta.php on line 69
[04-Jun-2021 18:14:35 Europe/Berlin] PHP Notice:  Undefined index: idusuario in C:\xampp\htdocs\grifos\views\modules\crear-venta.php on line 71
[04-Jun-2021 18:15:48 Europe/Berlin] PHP Notice:  Undefined index: nombres in C:\xampp\htdocs\grifos\views\modules\crear-venta.php on line 69
[04-Jun-2021 18:15:48 Europe/Berlin] PHP Notice:  Undefined index: idusuario in C:\xampp\htdocs\grifos\views\modules\crear-venta.php on line 71
[04-Jun-2021 18:16:37 Europe/Berlin] PHP Notice:  Undefined index: nombres in C:\xampp\htdocs\grifos\views\modules\crear-venta.php on line 69
[04-Jun-2021 18:16:37 Europe/Berlin] PHP Notice:  Undefined index: idusuario in C:\xampp\htdocs\grifos\views\modules\crear-venta.php on line 71
[04-Jun-2021 18:19:12 Europe/Berlin] PHP Notice:  Undefined index: nombres in C:\xampp\htdocs\grifos\views\modules\crear-venta.php on line 69
[04-Jun-2021 18:19:12 Europe/Berlin] PHP Notice:  Undefined index: idusuario in C:\xampp\htdocs\grifos\views\modules\crear-venta.php on line 71
[04-Jun-2021 18:24:44 Europe/Berlin] PHP Notice:  Undefined index: nombres in C:\xampp\htdocs\grifos\views\modules\crear-venta.php on line 69
[04-Jun-2021 18:24:44 Europe/Berlin] PHP Notice:  Undefined index: idusuario in C:\xampp\htdocs\grifos\views\modules\crear-venta.php on line 71
[04-Jun-2021 18:25:58 Europe/Berlin] PHP Notice:  Undefined index: nombres in C:\xampp\htdocs\grifos\views\modules\crear-venta.php on line 69
[04-Jun-2021 18:25:58 Europe/Berlin] PHP Notice:  Undefined index: idusuario in C:\xampp\htdocs\grifos\views\modules\crear-venta.php on line 71
[04-Jun-2021 18:27:21 Europe/Berlin] PHP Notice:  Undefined index: nombres in C:\xampp\htdocs\grifos\views\modules\crear-venta.php on line 69
[04-Jun-2021 18:27:21 Europe/Berlin] PHP Notice:  Undefined index: idusuario in C:\xampp\htdocs\grifos\views\modules\crear-venta.php on line 71
[04-Jun-2021 18:30:33 Europe/Berlin] PHP Notice:  Undefined index: nombres in C:\xampp\htdocs\grifos\views\modules\crear-venta.php on line 69
[04-Jun-2021 18:30:33 Europe/Berlin] PHP Notice:  Undefined index: idusuario in C:\xampp\htdocs\grifos\views\modules\crear-venta.php on line 71
[04-Jun-2021 18:32:08 Europe/Berlin] PHP Notice:  Undefined index: nombres in C:\xampp\htdocs\grifos\views\modules\crear-venta.php on line 69
[04-Jun-2021 18:32:08 Europe/Berlin] PHP Notice:  Undefined index: idusuario in C:\xampp\htdocs\grifos\views\modules\crear-venta.php on line 71
[04-Jun-2021 20:07:36 Europe/Berlin] PHP Notice:  Undefined index: nombres in C:\xampp\htdocs\grifos\views\modules\crear-venta.php on line 69
[04-Jun-2021 20:07:36 Europe/Berlin] PHP Notice:  Undefined index: idusuario in C:\xampp\htdocs\grifos\views\modules\crear-venta.php on line 71
[04-Jun-2021 20:08:29 Europe/Berlin] PHP Notice:  Undefined index: nombres in C:\xampp\htdocs\grifos\views\modules\crear-venta.php on line 69
[04-Jun-2021 20:08:29 Europe/Berlin] PHP Notice:  Undefined index: idusuario in C:\xampp\htdocs\grifos\views\modules\crear-venta.php on line 71
[04-Jun-2021 20:09:02 Europe/Berlin] PHP Notice:  Undefined index: nombres in C:\xampp\htdocs\grifos\views\modules\crear-venta.php on line 69
[04-Jun-2021 20:09:02 Europe/Berlin] PHP Notice:  Undefined index: idusuario in C:\xampp\htdocs\grifos\views\modules\crear-venta.php on line 71
[04-Jun-2021 20:09:46 Europe/Berlin] PHP Notice:  Undefined index: descuento in C:\xampp\htdocs\grifos\views\modules\inicio.php on line 18
[04-Jun-2021 20:09:48 Europe/Berlin] PHP Notice:  Undefined index: nombres in C:\xampp\htdocs\grifos\views\modules\crear-venta.php on line 69
[04-Jun-2021 20:09:48 Europe/Berlin] PHP Notice:  Undefined index: idusuario in C:\xampp\htdocs\grifos\views\modules\crear-venta.php on line 71
[04-Jun-2021 20:10:00 Europe/Berlin] PHP Notice:  Undefined index: nombres in C:\xampp\htdocs\grifos\views\modules\crear-venta.php on line 69
[04-Jun-2021 20:10:00 Europe/Berlin] PHP Notice:  Undefined index: idusuario in C:\xampp\htdocs\grifos\views\modules\crear-venta.php on line 71
[04-Jun-2021 20:11:54 Europe/Berlin] PHP Notice:  Undefined index: nombres in C:\xampp\htdocs\grifos\views\modules\crear-venta.php on line 69
[04-Jun-2021 20:11:54 Europe/Berlin] PHP Notice:  Undefined index: idusuario in C:\xampp\htdocs\grifos\views\modules\crear-venta.php on line 71
[04-Jun-2021 20:12:07 Europe/Berlin] PHP Notice:  Undefined index: nombres in C:\xampp\htdocs\grifos\views\modules\crear-venta.php on line 69
[04-Jun-2021 20:12:07 Europe/Berlin] PHP Notice:  Undefined index: idusuario in C:\xampp\htdocs\grifos\views\modules\crear-venta.php on line 71
[04-Jun-2021 20:12:08 Europe/Berlin] PHP Notice:  Undefined index: nombres in C:\xampp\htdocs\grifos\views\modules\crear-venta.php on line 69
[04-Jun-2021 20:12:08 Europe/Berlin] PHP Notice:  Undefined index: idusuario in C:\xampp\htdocs\grifos\views\modules\crear-venta.php on line 71
[04-Jun-2021 20:12:44 Europe/Berlin] PHP Notice:  Undefined index: nombres in C:\xampp\htdocs\grifos\views\modules\crear-venta.php on line 69
[04-Jun-2021 20:12:44 Europe/Berlin] PHP Notice:  Undefined index: idusuario in C:\xampp\htdocs\grifos\views\modules\crear-venta.php on line 71
[04-Jun-2021 20:16:20 Europe/Berlin] PHP Notice:  Undefined index: nombres in C:\xampp\htdocs\grifos\views\modules\crear-venta.php on line 69
[04-Jun-2021 20:16:20 Europe/Berlin] PHP Notice:  Undefined index: idusuario in C:\xampp\htdocs\grifos\views\modules\crear-venta.php on line 71
[04-Jun-2021 20:20:22 Europe/Berlin] PHP Notice:  Undefined index: nombres in C:\xampp\htdocs\grifos\views\modules\crear-venta.php on line 69
[04-Jun-2021 20:20:22 Europe/Berlin] PHP Notice:  Undefined index: idusuario in C:\xampp\htdocs\grifos\views\modules\crear-venta.php on line 71
[04-Jun-2021 20:20:22 Europe/Berlin] PHP Notice:  Undefined index: nombres in C:\xampp\htdocs\grifos\views\modules\crear-venta.php on line 69
[04-Jun-2021 20:20:22 Europe/Berlin] PHP Notice:  Undefined index: idusuario in C:\xampp\htdocs\grifos\views\modules\crear-venta.php on line 71
[04-Jun-2021 20:20:24 Europe/Berlin] PHP Notice:  Undefined index: nombres in C:\xampp\htdocs\grifos\views\modules\crear-venta.php on line 69
[04-Jun-2021 20:20:24 Europe/Berlin] PHP Notice:  Undefined index: idusuario in C:\xampp\htdocs\grifos\views\modules\crear-venta.php on line 71
[04-Jun-2021 20:20:38 Europe/Berlin] PHP Notice:  Undefined index: nombres in C:\xampp\htdocs\grifos\views\modules\crear-venta.php on line 69
[04-Jun-2021 20:20:38 Europe/Berlin] PHP Notice:  Undefined index: idusuario in C:\xampp\htdocs\grifos\views\modules\crear-venta.php on line 71
[04-Jun-2021 20:21:18 Europe/Berlin] PHP Notice:  Undefined index: nombres in C:\xampp\htdocs\grifos\views\modules\crear-venta.php on line 69
[04-Jun-2021 20:21:18 Europe/Berlin] PHP Notice:  Undefined index: idusuario in C:\xampp\htdocs\grifos\views\modules\crear-venta.php on line 71
[04-Jun-2021 20:21:19 Europe/Berlin] PHP Notice:  Undefined index: nombres in C:\xampp\htdocs\grifos\views\modules\crear-venta.php on line 69
[04-Jun-2021 20:21:19 Europe/Berlin] PHP Notice:  Undefined index: idusuario in C:\xampp\htdocs\grifos\views\modules\crear-venta.php on line 71
[04-Jun-2021 20:21:21 Europe/Berlin] PHP Notice:  Undefined index: nombres in C:\xampp\htdocs\grifos\views\modules\crear-venta.php on line 69
[04-Jun-2021 20:21:21 Europe/Berlin] PHP Notice:  Undefined index: idusuario in C:\xampp\htdocs\grifos\views\modules\crear-venta.php on line 71
[04-Jun-2021 20:22:07 Europe/Berlin] PHP Notice:  Undefined index: nombres in C:\xampp\htdocs\grifos\views\modules\crear-venta.php on line 69
[04-Jun-2021 20:22:07 Europe/Berlin] PHP Notice:  Undefined index: idusuario in C:\xampp\htdocs\grifos\views\modules\crear-venta.php on line 71
[04-Jun-2021 20:22:07 Europe/Berlin] PHP Notice:  Undefined index: nombres in C:\xampp\htdocs\grifos\views\modules\crear-venta.php on line 69
[04-Jun-2021 20:22:07 Europe/Berlin] PHP Notice:  Undefined index: idusuario in C:\xampp\htdocs\grifos\views\modules\crear-venta.php on line 71
[04-Jun-2021 20:22:10 Europe/Berlin] PHP Notice:  Undefined index: nombres in C:\xampp\htdocs\grifos\views\modules\crear-venta.php on line 69
[04-Jun-2021 20:22:10 Europe/Berlin] PHP Notice:  Undefined index: idusuario in C:\xampp\htdocs\grifos\views\modules\crear-venta.php on line 71
[04-Jun-2021 20:22:21 Europe/Berlin] PHP Notice:  Undefined index: nombres in C:\xampp\htdocs\grifos\views\modules\crear-venta.php on line 69
[04-Jun-2021 20:22:21 Europe/Berlin] PHP Notice:  Undefined index: idusuario in C:\xampp\htdocs\grifos\views\modules\crear-venta.php on line 71
[07-Jun-2021 17:57:31 Europe/Berlin] PHP Notice:  Undefined index: descuento in C:\xampp\htdocs\grifos\views\modules\inicio.php on line 18
[07-Jun-2021 17:57:35 Europe/Berlin] PHP Notice:  Undefined index: nombres in C:\xampp\htdocs\grifos\views\modules\crear-venta.php on line 69
[07-Jun-2021 17:57:35 Europe/Berlin] PHP Notice:  Undefined index: idusuario in C:\xampp\htdocs\grifos\views\modules\crear-venta.php on line 71
[07-Jun-2021 17:58:18 Europe/Berlin] PHP Notice:  Undefined index: descuento in C:\xampp\htdocs\grifos\views\modules\inicio.php on line 18
[07-Jun-2021 17:58:20 Europe/Berlin] PHP Notice:  Undefined index: nombres in C:\xampp\htdocs\grifos\views\modules\crear-venta.php on line 69
[07-Jun-2021 17:58:20 Europe/Berlin] PHP Notice:  Undefined index: idusuario in C:\xampp\htdocs\grifos\views\modules\crear-venta.php on line 71
[07-Jun-2021 17:58:26 Europe/Berlin] PHP Notice:  Undefined index: nombres in C:\xampp\htdocs\grifos\views\modules\crear-venta.php on line 69
[07-Jun-2021 17:58:26 Europe/Berlin] PHP Notice:  Undefined index: idusuario in C:\xampp\htdocs\grifos\views\modules\crear-venta.php on line 71
[07-Jun-2021 17:59:52 Europe/Berlin] PHP Notice:  Undefined index: nombres in C:\xampp\htdocs\grifos\views\modules\crear-venta.php on line 69
[07-Jun-2021 17:59:52 Europe/Berlin] PHP Notice:  Undefined index: idusuario in C:\xampp\htdocs\grifos\views\modules\crear-venta.php on line 71
[07-Jun-2021 18:04:03 Europe/Berlin] PHP Notice:  Undefined index: nombres in C:\xampp\htdocs\grifos\views\modules\crear-venta.php on line 69
[07-Jun-2021 18:04:03 Europe/Berlin] PHP Notice:  Undefined index: idusuario in C:\xampp\htdocs\grifos\views\modules\crear-venta.php on line 71
[07-Jun-2021 18:06:34 Europe/Berlin] PHP Notice:  Undefined index: nombres in C:\xampp\htdocs\grifos\views\modules\crear-venta.php on line 69
[07-Jun-2021 18:06:34 Europe/Berlin] PHP Notice:  Undefined index: idusuario in C:\xampp\htdocs\grifos\views\modules\crear-venta.php on line 71
[07-Jun-2021 18:08:57 Europe/Berlin] PHP Notice:  Undefined index: nombres in C:\xampp\htdocs\grifos\views\modules\crear-venta.php on line 69
[07-Jun-2021 18:08:57 Europe/Berlin] PHP Notice:  Undefined index: idusuario in C:\xampp\htdocs\grifos\views\modules\crear-venta.php on line 71
[07-Jun-2021 18:11:34 Europe/Berlin] PHP Notice:  Undefined index: nombres in C:\xampp\htdocs\grifos\views\modules\crear-venta.php on line 69
[07-Jun-2021 18:11:34 Europe/Berlin] PHP Notice:  Undefined index: idusuario in C:\xampp\htdocs\grifos\views\modules\crear-venta.php on line 71
[07-Jun-2021 18:13:40 Europe/Berlin] PHP Notice:  Undefined index: nombres in C:\xampp\htdocs\grifos\views\modules\crear-venta.php on line 69
[07-Jun-2021 18:13:40 Europe/Berlin] PHP Notice:  Undefined index: idusuario in C:\xampp\htdocs\grifos\views\modules\crear-venta.php on line 71
[07-Jun-2021 18:13:42 Europe/Berlin] PHP Notice:  Undefined index: nombres in C:\xampp\htdocs\grifos\views\modules\crear-venta.php on line 69
[07-Jun-2021 18:13:42 Europe/Berlin] PHP Notice:  Undefined index: idusuario in C:\xampp\htdocs\grifos\views\modules\crear-venta.php on line 71
[07-Jun-2021 18:15:08 Europe/Berlin] PHP Notice:  Undefined index: nombres in C:\xampp\htdocs\grifos\views\modules\crear-venta.php on line 69
[07-Jun-2021 18:15:08 Europe/Berlin] PHP Notice:  Undefined index: idusuario in C:\xampp\htdocs\grifos\views\modules\crear-venta.php on line 71
[07-Jun-2021 18:16:12 Europe/Berlin] PHP Notice:  Undefined index: nombres in C:\xampp\htdocs\grifos\views\modules\crear-venta.php on line 69
[07-Jun-2021 18:16:12 Europe/Berlin] PHP Notice:  Undefined index: idusuario in C:\xampp\htdocs\grifos\views\modules\crear-venta.php on line 71
[07-Jun-2021 18:18:06 Europe/Berlin] PHP Notice:  Undefined index: nombres in C:\xampp\htdocs\grifos\views\modules\crear-venta.php on line 69
[07-Jun-2021 18:18:06 Europe/Berlin] PHP Notice:  Undefined index: idusuario in C:\xampp\htdocs\grifos\views\modules\crear-venta.php on line 71
[07-Jun-2021 18:21:36 Europe/Berlin] PHP Notice:  Undefined index: nombres in C:\xampp\htdocs\grifos\views\modules\crear-venta.php on line 69
[07-Jun-2021 18:21:36 Europe/Berlin] PHP Notice:  Undefined index: idusuario in C:\xampp\htdocs\grifos\views\modules\crear-venta.php on line 71
[07-Jun-2021 18:26:18 Europe/Berlin] PHP Notice:  Undefined index: nombres in C:\xampp\htdocs\grifos\views\modules\crear-venta.php on line 69
[07-Jun-2021 18:26:18 Europe/Berlin] PHP Notice:  Undefined index: idusuario in C:\xampp\htdocs\grifos\views\modules\crear-venta.php on line 71
[07-Jun-2021 18:26:41 Europe/Berlin] PHP Notice:  Undefined index: nombres in C:\xampp\htdocs\grifos\views\modules\crear-venta.php on line 69
[07-Jun-2021 18:26:41 Europe/Berlin] PHP Notice:  Undefined index: idusuario in C:\xampp\htdocs\grifos\views\modules\crear-venta.php on line 71
[07-Jun-2021 18:26:43 Europe/Berlin] PHP Notice:  Undefined index: nombres in C:\xampp\htdocs\grifos\views\modules\crear-venta.php on line 69
[07-Jun-2021 18:26:43 Europe/Berlin] PHP Notice:  Undefined index: idusuario in C:\xampp\htdocs\grifos\views\modules\crear-venta.php on line 71
[07-Jun-2021 18:27:21 Europe/Berlin] PHP Notice:  Undefined index: nombres in C:\xampp\htdocs\grifos\views\modules\crear-venta.php on line 69
[07-Jun-2021 18:27:21 Europe/Berlin] PHP Notice:  Undefined index: idusuario in C:\xampp\htdocs\grifos\views\modules\crear-venta.php on line 71
[07-Jun-2021 18:27:34 Europe/Berlin] PHP Notice:  Undefined index: nombres in C:\xampp\htdocs\grifos\views\modules\crear-venta.php on line 69
[07-Jun-2021 18:27:34 Europe/Berlin] PHP Notice:  Undefined index: idusuario in C:\xampp\htdocs\grifos\views\modules\crear-venta.php on line 71
[07-Jun-2021 18:27:59 Europe/Berlin] PHP Notice:  Undefined index: nombres in C:\xampp\htdocs\grifos\views\modules\crear-venta.php on line 69
[07-Jun-2021 18:27:59 Europe/Berlin] PHP Notice:  Undefined index: idusuario in C:\xampp\htdocs\grifos\views\modules\crear-venta.php on line 71
[07-Jun-2021 18:28:15 Europe/Berlin] PHP Notice:  Undefined index: nombres in C:\xampp\htdocs\grifos\views\modules\crear-venta.php on line 69
[07-Jun-2021 18:28:15 Europe/Berlin] PHP Notice:  Undefined index: idusuario in C:\xampp\htdocs\grifos\views\modules\crear-venta.php on line 71
[07-Jun-2021 18:28:26 Europe/Berlin] PHP Notice:  Undefined index: nombres in C:\xampp\htdocs\grifos\views\modules\crear-venta.php on line 69
[07-Jun-2021 18:28:26 Europe/Berlin] PHP Notice:  Undefined index: idusuario in C:\xampp\htdocs\grifos\views\modules\crear-venta.php on line 71
[07-Jun-2021 18:28:44 Europe/Berlin] PHP Notice:  Undefined index: nombres in C:\xampp\htdocs\grifos\views\modules\crear-venta.php on line 69
[07-Jun-2021 18:28:44 Europe/Berlin] PHP Notice:  Undefined index: idusuario in C:\xampp\htdocs\grifos\views\modules\crear-venta.php on line 71
[07-Jun-2021 18:28:59 Europe/Berlin] PHP Notice:  Undefined index: nombres in C:\xampp\htdocs\grifos\views\modules\crear-venta.php on line 69
[07-Jun-2021 18:28:59 Europe/Berlin] PHP Notice:  Undefined index: idusuario in C:\xampp\htdocs\grifos\views\modules\crear-venta.php on line 71
[07-Jun-2021 18:30:56 Europe/Berlin] PHP Notice:  Undefined index: nombres in C:\xampp\htdocs\grifos\views\modules\crear-venta.php on line 69
[07-Jun-2021 18:30:56 Europe/Berlin] PHP Notice:  Undefined index: idusuario in C:\xampp\htdocs\grifos\views\modules\crear-venta.php on line 71
[07-Jun-2021 18:32:52 Europe/Berlin] PHP Notice:  Undefined index: nombres in C:\xampp\htdocs\grifos\views\modules\crear-venta.php on line 69
[07-Jun-2021 18:32:52 Europe/Berlin] PHP Notice:  Undefined index: idusuario in C:\xampp\htdocs\grifos\views\modules\crear-venta.php on line 71
[07-Jun-2021 18:36:21 Europe/Berlin] PHP Notice:  Undefined index: nombres in C:\xampp\htdocs\grifos\views\modules\crear-venta.php on line 69
[07-Jun-2021 18:36:21 Europe/Berlin] PHP Notice:  Undefined index: idusuario in C:\xampp\htdocs\grifos\views\modules\crear-venta.php on line 71
[07-Jun-2021 18:39:06 Europe/Berlin] PHP Notice:  Undefined index: nombres in C:\xampp\htdocs\grifos\views\modules\crear-venta.php on line 69
[07-Jun-2021 18:39:06 Europe/Berlin] PHP Notice:  Undefined index: idusuario in C:\xampp\htdocs\grifos\views\modules\crear-venta.php on line 71
[07-Jun-2021 18:39:33 Europe/Berlin] PHP Notice:  Undefined index: nombres in C:\xampp\htdocs\grifos\views\modules\crear-venta.php on line 69
[07-Jun-2021 18:39:33 Europe/Berlin] PHP Notice:  Undefined index: idusuario in C:\xampp\htdocs\grifos\views\modules\crear-venta.php on line 71
[07-Jun-2021 18:40:20 Europe/Berlin] PHP Notice:  Undefined index: nombres in C:\xampp\htdocs\grifos\views\modules\crear-venta.php on line 69
[07-Jun-2021 18:40:20 Europe/Berlin] PHP Notice:  Undefined index: idusuario in C:\xampp\htdocs\grifos\views\modules\crear-venta.php on line 71
[07-Jun-2021 18:40:21 Europe/Berlin] PHP Notice:  Undefined index: nombres in C:\xampp\htdocs\grifos\views\modules\crear-venta.php on line 69
[07-Jun-2021 18:40:21 Europe/Berlin] PHP Notice:  Undefined index: idusuario in C:\xampp\htdocs\grifos\views\modules\crear-venta.php on line 71
[07-Jun-2021 18:41:15 Europe/Berlin] PHP Notice:  Undefined index: nombres in C:\xampp\htdocs\grifos\views\modules\crear-venta.php on line 69
[07-Jun-2021 18:41:15 Europe/Berlin] PHP Notice:  Undefined index: idusuario in C:\xampp\htdocs\grifos\views\modules\crear-venta.php on line 71
[07-Jun-2021 18:41:51 Europe/Berlin] PHP Notice:  Undefined index: nombres in C:\xampp\htdocs\grifos\views\modules\crear-venta.php on line 69
[07-Jun-2021 18:41:51 Europe/Berlin] PHP Notice:  Undefined index: idusuario in C:\xampp\htdocs\grifos\views\modules\crear-venta.php on line 71
[07-Jun-2021 18:44:55 Europe/Berlin] PHP Notice:  Undefined index: nombres in C:\xampp\htdocs\grifos\views\modules\crear-venta.php on line 69
[07-Jun-2021 18:44:55 Europe/Berlin] PHP Notice:  Undefined index: idusuario in C:\xampp\htdocs\grifos\views\modules\crear-venta.php on line 71
[07-Jun-2021 18:46:20 Europe/Berlin] PHP Notice:  Undefined index: nombres in C:\xampp\htdocs\grifos\views\modules\crear-venta.php on line 69
[07-Jun-2021 18:46:20 Europe/Berlin] PHP Notice:  Undefined index: idusuario in C:\xampp\htdocs\grifos\views\modules\crear-venta.php on line 71
[07-Jun-2021 18:46:55 Europe/Berlin] PHP Notice:  Undefined index: nombres in C:\xampp\htdocs\grifos\views\modules\crear-venta.php on line 69
[07-Jun-2021 18:46:55 Europe/Berlin] PHP Notice:  Undefined index: idusuario in C:\xampp\htdocs\grifos\views\modules\crear-venta.php on line 71
[07-Jun-2021 18:48:26 Europe/Berlin] PHP Notice:  Undefined index: nombres in C:\xampp\htdocs\grifos\views\modules\crear-venta.php on line 69
[07-Jun-2021 18:48:26 Europe/Berlin] PHP Notice:  Undefined index: idusuario in C:\xampp\htdocs\grifos\views\modules\crear-venta.php on line 71
[07-Jun-2021 18:49:33 Europe/Berlin] PHP Notice:  Undefined index: nombres in C:\xampp\htdocs\grifos\views\modules\crear-venta.php on line 69
[07-Jun-2021 18:49:33 Europe/Berlin] PHP Notice:  Undefined index: idusuario in C:\xampp\htdocs\grifos\views\modules\crear-venta.php on line 71
[07-Jun-2021 18:50:30 Europe/Berlin] PHP Notice:  Undefined index: nombres in C:\xampp\htdocs\grifos\views\modules\crear-venta.php on line 69
[07-Jun-2021 18:50:30 Europe/Berlin] PHP Notice:  Undefined index: idusuario in C:\xampp\htdocs\grifos\views\modules\crear-venta.php on line 71
[07-Jun-2021 18:51:57 Europe/Berlin] PHP Notice:  Undefined index: nombres in C:\xampp\htdocs\grifos\views\modules\crear-venta.php on line 69
[07-Jun-2021 18:51:57 Europe/Berlin] PHP Notice:  Undefined index: idusuario in C:\xampp\htdocs\grifos\views\modules\crear-venta.php on line 71
[07-Jun-2021 18:53:50 Europe/Berlin] PHP Notice:  Undefined index: nombres in C:\xampp\htdocs\grifos\views\modules\crear-venta.php on line 69
[07-Jun-2021 18:53:50 Europe/Berlin] PHP Notice:  Undefined index: idusuario in C:\xampp\htdocs\grifos\views\modules\crear-venta.php on line 71
[07-Jun-2021 18:54:46 Europe/Berlin] PHP Notice:  Undefined index: nombres in C:\xampp\htdocs\grifos\views\modules\crear-venta.php on line 69
[07-Jun-2021 18:54:46 Europe/Berlin] PHP Notice:  Undefined index: idusuario in C:\xampp\htdocs\grifos\views\modules\crear-venta.php on line 71
[07-Jun-2021 18:54:54 Europe/Berlin] PHP Notice:  Undefined index: nombres in C:\xampp\htdocs\grifos\views\modules\crear-venta.php on line 69
[07-Jun-2021 18:54:54 Europe/Berlin] PHP Notice:  Undefined index: idusuario in C:\xampp\htdocs\grifos\views\modules\crear-venta.php on line 71
[07-Jun-2021 18:55:13 Europe/Berlin] PHP Notice:  Undefined index: nombres in C:\xampp\htdocs\grifos\views\modules\crear-venta.php on line 69
[07-Jun-2021 18:55:13 Europe/Berlin] PHP Notice:  Undefined index: idusuario in C:\xampp\htdocs\grifos\views\modules\crear-venta.php on line 71
[07-Jun-2021 18:55:14 Europe/Berlin] PHP Notice:  Undefined index: nombres in C:\xampp\htdocs\grifos\views\modules\crear-venta.php on line 69
[07-Jun-2021 18:55:14 Europe/Berlin] PHP Notice:  Undefined index: idusuario in C:\xampp\htdocs\grifos\views\modules\crear-venta.php on line 71
[07-Jun-2021 18:55:15 Europe/Berlin] PHP Notice:  Undefined index: nombres in C:\xampp\htdocs\grifos\views\modules\crear-venta.php on line 69
[07-Jun-2021 18:55:15 Europe/Berlin] PHP Notice:  Undefined index: idusuario in C:\xampp\htdocs\grifos\views\modules\crear-venta.php on line 71
[07-Jun-2021 18:55:50 Europe/Berlin] PHP Notice:  Undefined index: nombres in C:\xampp\htdocs\grifos\views\modules\crear-venta.php on line 69
[07-Jun-2021 18:55:50 Europe/Berlin] PHP Notice:  Undefined index: idusuario in C:\xampp\htdocs\grifos\views\modules\crear-venta.php on line 71
[07-Jun-2021 18:56:33 Europe/Berlin] PHP Notice:  Undefined index: nombres in C:\xampp\htdocs\grifos\views\modules\crear-venta.php on line 69
[07-Jun-2021 18:56:33 Europe/Berlin] PHP Notice:  Undefined index: idusuario in C:\xampp\htdocs\grifos\views\modules\crear-venta.php on line 71
[07-Jun-2021 18:57:21 Europe/Berlin] PHP Notice:  Undefined index: nombres in C:\xampp\htdocs\grifos\views\modules\crear-venta.php on line 69
[07-Jun-2021 18:57:21 Europe/Berlin] PHP Notice:  Undefined index: idusuario in C:\xampp\htdocs\grifos\views\modules\crear-venta.php on line 71
[07-Jun-2021 18:57:57 Europe/Berlin] PHP Notice:  Undefined index: nombres in C:\xampp\htdocs\grifos\views\modules\crear-venta.php on line 69
[07-Jun-2021 18:57:57 Europe/Berlin] PHP Notice:  Undefined index: idusuario in C:\xampp\htdocs\grifos\views\modules\crear-venta.php on line 71
[07-Jun-2021 18:59:44 Europe/Berlin] PHP Notice:  Undefined index: nombres in C:\xampp\htdocs\grifos\views\modules\crear-venta.php on line 69
[07-Jun-2021 18:59:44 Europe/Berlin] PHP Notice:  Undefined index: idusuario in C:\xampp\htdocs\grifos\views\modules\crear-venta.php on line 71
[07-Jun-2021 19:00:55 Europe/Berlin] PHP Notice:  Undefined index: nombres in C:\xampp\htdocs\grifos\views\modules\crear-venta.php on line 69
[07-Jun-2021 19:00:55 Europe/Berlin] PHP Notice:  Undefined index: idusuario in C:\xampp\htdocs\grifos\views\modules\crear-venta.php on line 71
[07-Jun-2021 19:04:22 Europe/Berlin] PHP Notice:  Undefined index: nombres in C:\xampp\htdocs\grifos\views\modules\crear-venta.php on line 69
[07-Jun-2021 19:04:22 Europe/Berlin] PHP Notice:  Undefined index: idusuario in C:\xampp\htdocs\grifos\views\modules\crear-venta.php on line 71
[07-Jun-2021 19:05:18 Europe/Berlin] PHP Notice:  Undefined index: nombres in C:\xampp\htdocs\grifos\views\modules\crear-venta.php on line 69
[07-Jun-2021 19:05:18 Europe/Berlin] PHP Notice:  Undefined index: idusuario in C:\xampp\htdocs\grifos\views\modules\crear-venta.php on line 71
[07-Jun-2021 19:05:20 Europe/Berlin] PHP Notice:  Undefined index: nombres in C:\xampp\htdocs\grifos\views\modules\crear-venta.php on line 69
[07-Jun-2021 19:05:20 Europe/Berlin] PHP Notice:  Undefined index: idusuario in C:\xampp\htdocs\grifos\views\modules\crear-venta.php on line 71
[07-Jun-2021 19:06:14 Europe/Berlin] PHP Notice:  Undefined index: nombres in C:\xampp\htdocs\grifos\views\modules\crear-venta.php on line 69
[07-Jun-2021 19:06:14 Europe/Berlin] PHP Notice:  Undefined index: idusuario in C:\xampp\htdocs\grifos\views\modules\crear-venta.php on line 71
[07-Jun-2021 19:07:02 Europe/Berlin] PHP Notice:  Undefined index: nombres in C:\xampp\htdocs\grifos\views\modules\crear-venta.php on line 69
[07-Jun-2021 19:07:02 Europe/Berlin] PHP Notice:  Undefined index: idusuario in C:\xampp\htdocs\grifos\views\modules\crear-venta.php on line 71
[07-Jun-2021 19:07:33 Europe/Berlin] PHP Notice:  Undefined index: nombres in C:\xampp\htdocs\grifos\views\modules\crear-venta.php on line 69
[07-Jun-2021 19:07:33 Europe/Berlin] PHP Notice:  Undefined index: idusuario in C:\xampp\htdocs\grifos\views\modules\crear-venta.php on line 71
[07-Jun-2021 19:07:54 Europe/Berlin] PHP Notice:  Undefined index: nombres in C:\xampp\htdocs\grifos\views\modules\crear-venta.php on line 69
[07-Jun-2021 19:07:54 Europe/Berlin] PHP Notice:  Undefined index: idusuario in C:\xampp\htdocs\grifos\views\modules\crear-venta.php on line 71
[07-Jun-2021 19:08:01 Europe/Berlin] PHP Notice:  Undefined index: nombres in C:\xampp\htdocs\grifos\views\modules\crear-venta.php on line 69
[07-Jun-2021 19:08:01 Europe/Berlin] PHP Notice:  Undefined index: idusuario in C:\xampp\htdocs\grifos\views\modules\crear-venta.php on line 71
[07-Jun-2021 19:12:55 Europe/Berlin] PHP Notice:  Undefined index: nombres in C:\xampp\htdocs\grifos\views\modules\crear-venta.php on line 69
[07-Jun-2021 19:12:55 Europe/Berlin] PHP Notice:  Undefined index: idusuario in C:\xampp\htdocs\grifos\views\modules\crear-venta.php on line 71
[07-Jun-2021 19:34:34 Europe/Berlin] PHP Notice:  Undefined index: nombres in C:\xampp\htdocs\grifos\views\modules\crear-venta.php on line 69
[07-Jun-2021 19:34:34 Europe/Berlin] PHP Notice:  Undefined index: idusuario in C:\xampp\htdocs\grifos\views\modules\crear-venta.php on line 71
[07-Jun-2021 19:40:15 Europe/Berlin] PHP Notice:  Undefined index: nombres in C:\xampp\htdocs\grifos\views\modules\crear-venta.php on line 69
[07-Jun-2021 19:40:15 Europe/Berlin] PHP Notice:  Undefined index: idusuario in C:\xampp\htdocs\grifos\views\modules\crear-venta.php on line 71
[07-Jun-2021 19:41:21 Europe/Berlin] PHP Notice:  Undefined index: nombres in C:\xampp\htdocs\grifos\views\modules\crear-venta.php on line 69
[07-Jun-2021 19:41:21 Europe/Berlin] PHP Notice:  Undefined index: idusuario in C:\xampp\htdocs\grifos\views\modules\crear-venta.php on line 71
[07-Jun-2021 19:41:32 Europe/Berlin] PHP Notice:  Undefined index: nombres in C:\xampp\htdocs\grifos\views\modules\crear-venta.php on line 69
[07-Jun-2021 19:41:32 Europe/Berlin] PHP Notice:  Undefined index: idusuario in C:\xampp\htdocs\grifos\views\modules\crear-venta.php on line 71
[07-Jun-2021 19:44:17 Europe/Berlin] PHP Notice:  Undefined index: nombres in C:\xampp\htdocs\grifos\views\modules\crear-venta.php on line 69
[07-Jun-2021 19:44:17 Europe/Berlin] PHP Notice:  Undefined index: idusuario in C:\xampp\htdocs\grifos\views\modules\crear-venta.php on line 71
[07-Jun-2021 19:44:19 Europe/Berlin] PHP Notice:  Undefined index: nombres in C:\xampp\htdocs\grifos\views\modules\crear-venta.php on line 69
[07-Jun-2021 19:44:19 Europe/Berlin] PHP Notice:  Undefined index: idusuario in C:\xampp\htdocs\grifos\views\modules\crear-venta.php on line 71
[07-Jun-2021 19:48:01 Europe/Berlin] PHP Notice:  Undefined index: nombres in C:\xampp\htdocs\grifos\views\modules\crear-venta.php on line 69
[07-Jun-2021 19:48:01 Europe/Berlin] PHP Notice:  Undefined index: idusuario in C:\xampp\htdocs\grifos\views\modules\crear-venta.php on line 71
[07-Jun-2021 19:49:13 Europe/Berlin] PHP Notice:  Undefined index: nombres in C:\xampp\htdocs\grifos\views\modules\crear-venta.php on line 69
[07-Jun-2021 19:49:13 Europe/Berlin] PHP Notice:  Undefined index: idusuario in C:\xampp\htdocs\grifos\views\modules\crear-venta.php on line 71
[07-Jun-2021 19:49:59 Europe/Berlin] PHP Notice:  Undefined index: nombres in C:\xampp\htdocs\grifos\views\modules\crear-venta.php on line 69
[07-Jun-2021 19:49:59 Europe/Berlin] PHP Notice:  Undefined index: idusuario in C:\xampp\htdocs\grifos\views\modules\crear-venta.php on line 71
[07-Jun-2021 19:52:37 Europe/Berlin] PHP Notice:  Undefined index: nombres in C:\xampp\htdocs\grifos\views\modules\crear-venta.php on line 69
[07-Jun-2021 19:52:37 Europe/Berlin] PHP Notice:  Undefined index: idusuario in C:\xampp\htdocs\grifos\views\modules\crear-venta.php on line 71
[07-Jun-2021 19:53:12 Europe/Berlin] PHP Notice:  Undefined index: nombres in C:\xampp\htdocs\grifos\views\modules\crear-venta.php on line 69
[07-Jun-2021 19:53:12 Europe/Berlin] PHP Notice:  Undefined index: idusuario in C:\xampp\htdocs\grifos\views\modules\crear-venta.php on line 71
[07-Jun-2021 19:53:21 Europe/Berlin] PHP Notice:  Undefined index: nombres in C:\xampp\htdocs\grifos\views\modules\crear-venta.php on line 69
[07-Jun-2021 19:53:21 Europe/Berlin] PHP Notice:  Undefined index: idusuario in C:\xampp\htdocs\grifos\views\modules\crear-venta.php on line 71
[07-Jun-2021 19:55:30 Europe/Berlin] PHP Notice:  Undefined index: nombres in C:\xampp\htdocs\grifos\views\modules\crear-venta.php on line 69
[07-Jun-2021 19:55:30 Europe/Berlin] PHP Notice:  Undefined index: idusuario in C:\xampp\htdocs\grifos\views\modules\crear-venta.php on line 71
[07-Jun-2021 19:56:58 Europe/Berlin] PHP Notice:  Undefined index: nombres in C:\xampp\htdocs\grifos\views\modules\crear-venta.php on line 69
[07-Jun-2021 19:56:58 Europe/Berlin] PHP Notice:  Undefined index: idusuario in C:\xampp\htdocs\grifos\views\modules\crear-venta.php on line 71
[07-Jun-2021 19:57:43 Europe/Berlin] PHP Notice:  Undefined index: nombres in C:\xampp\htdocs\grifos\views\modules\crear-venta.php on line 69
[07-Jun-2021 19:57:43 Europe/Berlin] PHP Notice:  Undefined index: idusuario in C:\xampp\htdocs\grifos\views\modules\crear-venta.php on line 71
[07-Jun-2021 20:01:38 Europe/Berlin] PHP Notice:  Undefined index: nombres in C:\xampp\htdocs\grifos\views\modules\crear-venta.php on line 69
[07-Jun-2021 20:01:38 Europe/Berlin] PHP Notice:  Undefined index: idusuario in C:\xampp\htdocs\grifos\views\modules\crear-venta.php on line 71
[07-Jun-2021 20:02:25 Europe/Berlin] PHP Notice:  Undefined index: nombres in C:\xampp\htdocs\grifos\views\modules\crear-venta.php on line 69
[07-Jun-2021 20:02:25 Europe/Berlin] PHP Notice:  Undefined index: idusuario in C:\xampp\htdocs\grifos\views\modules\crear-venta.php on line 71
[07-Jun-2021 20:02:40 Europe/Berlin] PHP Notice:  Undefined index: nombres in C:\xampp\htdocs\grifos\views\modules\crear-venta.php on line 69
[07-Jun-2021 20:02:40 Europe/Berlin] PHP Notice:  Undefined index: idusuario in C:\xampp\htdocs\grifos\views\modules\crear-venta.php on line 71
[07-Jun-2021 20:03:42 Europe/Berlin] PHP Notice:  Undefined index: nombres in C:\xampp\htdocs\grifos\views\modules\crear-venta.php on line 69
[07-Jun-2021 20:03:42 Europe/Berlin] PHP Notice:  Undefined index: idusuario in C:\xampp\htdocs\grifos\views\modules\crear-venta.php on line 71
[07-Jun-2021 20:04:06 Europe/Berlin] PHP Notice:  Undefined index: nombres in C:\xampp\htdocs\grifos\views\modules\crear-venta.php on line 69
[07-Jun-2021 20:04:06 Europe/Berlin] PHP Notice:  Undefined index: idusuario in C:\xampp\htdocs\grifos\views\modules\crear-venta.php on line 71
[07-Jun-2021 20:05:32 Europe/Berlin] PHP Notice:  Undefined index: nombres in C:\xampp\htdocs\grifos\views\modules\crear-venta.php on line 69
[07-Jun-2021 20:05:32 Europe/Berlin] PHP Notice:  Undefined index: idusuario in C:\xampp\htdocs\grifos\views\modules\crear-venta.php on line 71
[07-Jun-2021 20:06:38 Europe/Berlin] PHP Notice:  Undefined index: nombres in C:\xampp\htdocs\grifos\views\modules\crear-venta.php on line 69
[07-Jun-2021 20:06:38 Europe/Berlin] PHP Notice:  Undefined index: idusuario in C:\xampp\htdocs\grifos\views\modules\crear-venta.php on line 71
[07-Jun-2021 20:07:24 Europe/Berlin] PHP Notice:  Undefined index: nombres in C:\xampp\htdocs\grifos\views\modules\crear-venta.php on line 69
[07-Jun-2021 20:07:24 Europe/Berlin] PHP Notice:  Undefined index: idusuario in C:\xampp\htdocs\grifos\views\modules\crear-venta.php on line 71
[07-Jun-2021 20:09:25 Europe/Berlin] PHP Notice:  Undefined index: nombres in C:\xampp\htdocs\grifos\views\modules\crear-venta.php on line 69
[07-Jun-2021 20:09:25 Europe/Berlin] PHP Notice:  Undefined index: idusuario in C:\xampp\htdocs\grifos\views\modules\crear-venta.php on line 71
[07-Jun-2021 20:12:29 Europe/Berlin] PHP Notice:  Undefined index: nombres in C:\xampp\htdocs\grifos\views\modules\crear-venta.php on line 69
[07-Jun-2021 20:12:29 Europe/Berlin] PHP Notice:  Undefined index: idusuario in C:\xampp\htdocs\grifos\views\modules\crear-venta.php on line 71
[07-Jun-2021 20:15:01 Europe/Berlin] PHP Notice:  Undefined index: nombres in C:\xampp\htdocs\grifos\views\modules\crear-venta.php on line 69
[07-Jun-2021 20:15:01 Europe/Berlin] PHP Notice:  Undefined index: idusuario in C:\xampp\htdocs\grifos\views\modules\crear-venta.php on line 71
[07-Jun-2021 21:25:44 Europe/Berlin] PHP Notice:  Undefined index: nombres in C:\xampp\htdocs\grifos\views\modules\crear-venta.php on line 69
[07-Jun-2021 21:25:44 Europe/Berlin] PHP Notice:  Undefined index: idusuario in C:\xampp\htdocs\grifos\views\modules\crear-venta.php on line 71
[07-Jun-2021 21:26:26 Europe/Berlin] PHP Notice:  Undefined index: nombres in C:\xampp\htdocs\grifos\views\modules\crear-venta.php on line 69
[07-Jun-2021 21:26:26 Europe/Berlin] PHP Notice:  Undefined index: idusuario in C:\xampp\htdocs\grifos\views\modules\crear-venta.php on line 71
[07-Jun-2021 21:27:19 Europe/Berlin] PHP Notice:  Undefined index: nombres in C:\xampp\htdocs\grifos\views\modules\crear-venta.php on line 69
[07-Jun-2021 21:27:19 Europe/Berlin] PHP Notice:  Undefined index: idusuario in C:\xampp\htdocs\grifos\views\modules\crear-venta.php on line 71
[07-Jun-2021 21:27:46 Europe/Berlin] PHP Notice:  Undefined index: nombres in C:\xampp\htdocs\grifos\views\modules\crear-venta.php on line 69
[07-Jun-2021 21:27:46 Europe/Berlin] PHP Notice:  Undefined index: idusuario in C:\xampp\htdocs\grifos\views\modules\crear-venta.php on line 71
[07-Jun-2021 21:29:04 Europe/Berlin] PHP Notice:  Undefined index: nombres in C:\xampp\htdocs\grifos\views\modules\crear-venta.php on line 69
[07-Jun-2021 21:29:04 Europe/Berlin] PHP Notice:  Undefined index: idusuario in C:\xampp\htdocs\grifos\views\modules\crear-venta.php on line 71
[07-Jun-2021 21:30:11 Europe/Berlin] PHP Notice:  Undefined index: nombres in C:\xampp\htdocs\grifos\views\modules\crear-venta.php on line 69
[07-Jun-2021 21:30:11 Europe/Berlin] PHP Notice:  Undefined index: idusuario in C:\xampp\htdocs\grifos\views\modules\crear-venta.php on line 71
[07-Jun-2021 21:30:55 Europe/Berlin] PHP Notice:  Undefined index: nombres in C:\xampp\htdocs\grifos\views\modules\crear-venta.php on line 69
[07-Jun-2021 21:30:55 Europe/Berlin] PHP Notice:  Undefined index: idusuario in C:\xampp\htdocs\grifos\views\modules\crear-venta.php on line 71
[07-Jun-2021 21:31:08 Europe/Berlin] PHP Notice:  Undefined index: nombres in C:\xampp\htdocs\grifos\views\modules\crear-venta.php on line 69
[07-Jun-2021 21:31:08 Europe/Berlin] PHP Notice:  Undefined index: idusuario in C:\xampp\htdocs\grifos\views\modules\crear-venta.php on line 71
[07-Jun-2021 21:32:33 Europe/Berlin] PHP Notice:  Undefined index: nombres in C:\xampp\htdocs\grifos\views\modules\crear-venta.php on line 69
[07-Jun-2021 21:32:33 Europe/Berlin] PHP Notice:  Undefined index: idusuario in C:\xampp\htdocs\grifos\views\modules\crear-venta.php on line 71
[07-Jun-2021 21:32:48 Europe/Berlin] PHP Notice:  Undefined index: nombres in C:\xampp\htdocs\grifos\views\modules\crear-venta.php on line 69
[07-Jun-2021 21:32:48 Europe/Berlin] PHP Notice:  Undefined index: idusuario in C:\xampp\htdocs\grifos\views\modules\crear-venta.php on line 71
[07-Jun-2021 21:33:15 Europe/Berlin] PHP Notice:  Undefined index: nombres in C:\xampp\htdocs\grifos\views\modules\crear-venta.php on line 69
[07-Jun-2021 21:33:15 Europe/Berlin] PHP Notice:  Undefined index: idusuario in C:\xampp\htdocs\grifos\views\modules\crear-venta.php on line 71
[07-Jun-2021 21:33:40 Europe/Berlin] PHP Notice:  Undefined index: nombres in C:\xampp\htdocs\grifos\views\modules\crear-venta.php on line 69
[07-Jun-2021 21:33:40 Europe/Berlin] PHP Notice:  Undefined index: idusuario in C:\xampp\htdocs\grifos\views\modules\crear-venta.php on line 71
[07-Jun-2021 21:35:14 Europe/Berlin] PHP Notice:  Undefined index: nombres in C:\xampp\htdocs\grifos\views\modules\crear-venta.php on line 69
[07-Jun-2021 21:35:14 Europe/Berlin] PHP Notice:  Undefined index: idusuario in C:\xampp\htdocs\grifos\views\modules\crear-venta.php on line 71
[07-Jun-2021 21:37:59 Europe/Berlin] PHP Notice:  Undefined index: nombres in C:\xampp\htdocs\grifos\views\modules\crear-venta.php on line 69
[07-Jun-2021 21:37:59 Europe/Berlin] PHP Notice:  Undefined index: idusuario in C:\xampp\htdocs\grifos\views\modules\crear-venta.php on line 71
[07-Jun-2021 21:38:50 Europe/Berlin] PHP Notice:  Undefined index: nombres in C:\xampp\htdocs\grifos\views\modules\crear-venta.php on line 69
[07-Jun-2021 21:38:50 Europe/Berlin] PHP Notice:  Undefined index: idusuario in C:\xampp\htdocs\grifos\views\modules\crear-venta.php on line 71
[07-Jun-2021 21:39:24 Europe/Berlin] PHP Notice:  Undefined index: nombres in C:\xampp\htdocs\grifos\views\modules\crear-venta.php on line 69
[07-Jun-2021 21:39:24 Europe/Berlin] PHP Notice:  Undefined index: idusuario in C:\xampp\htdocs\grifos\views\modules\crear-venta.php on line 71
[07-Jun-2021 21:40:16 Europe/Berlin] PHP Notice:  Undefined index: nombres in C:\xampp\htdocs\grifos\views\modules\crear-venta.php on line 69
[07-Jun-2021 21:40:16 Europe/Berlin] PHP Notice:  Undefined index: idusuario in C:\xampp\htdocs\grifos\views\modules\crear-venta.php on line 71
[07-Jun-2021 21:40:32 Europe/Berlin] PHP Notice:  Undefined index: nombres in C:\xampp\htdocs\grifos\views\modules\crear-venta.php on line 69
[07-Jun-2021 21:40:32 Europe/Berlin] PHP Notice:  Undefined index: idusuario in C:\xampp\htdocs\grifos\views\modules\crear-venta.php on line 71
[07-Jun-2021 21:41:53 Europe/Berlin] PHP Notice:  Undefined index: nombres in C:\xampp\htdocs\grifos\views\modules\crear-venta.php on line 69
[07-Jun-2021 21:41:53 Europe/Berlin] PHP Notice:  Undefined index: idusuario in C:\xampp\htdocs\grifos\views\modules\crear-venta.php on line 71
[07-Jun-2021 21:41:55 Europe/Berlin] PHP Notice:  Undefined index: nombres in C:\xampp\htdocs\grifos\views\modules\crear-venta.php on line 69
[07-Jun-2021 21:41:55 Europe/Berlin] PHP Notice:  Undefined index: idusuario in C:\xampp\htdocs\grifos\views\modules\crear-venta.php on line 71
[07-Jun-2021 21:43:00 Europe/Berlin] PHP Notice:  Undefined index: nombres in C:\xampp\htdocs\grifos\views\modules\crear-venta.php on line 69
[07-Jun-2021 21:43:00 Europe/Berlin] PHP Notice:  Undefined index: idusuario in C:\xampp\htdocs\grifos\views\modules\crear-venta.php on line 71
[07-Jun-2021 21:43:15 Europe/Berlin] PHP Notice:  Undefined index: nombres in C:\xampp\htdocs\grifos\views\modules\crear-venta.php on line 69
[07-Jun-2021 21:43:15 Europe/Berlin] PHP Notice:  Undefined index: idusuario in C:\xampp\htdocs\grifos\views\modules\crear-venta.php on line 71
[07-Jun-2021 21:43:17 Europe/Berlin] PHP Notice:  Undefined index: nombres in C:\xampp\htdocs\grifos\views\modules\crear-venta.php on line 69
[07-Jun-2021 21:43:17 Europe/Berlin] PHP Notice:  Undefined index: idusuario in C:\xampp\htdocs\grifos\views\modules\crear-venta.php on line 71
[07-Jun-2021 21:43:59 Europe/Berlin] PHP Notice:  Undefined index: nombres in C:\xampp\htdocs\grifos\views\modules\crear-venta.php on line 69
[07-Jun-2021 21:43:59 Europe/Berlin] PHP Notice:  Undefined index: idusuario in C:\xampp\htdocs\grifos\views\modules\crear-venta.php on line 71
[07-Jun-2021 21:44:40 Europe/Berlin] PHP Notice:  Undefined index: nombres in C:\xampp\htdocs\grifos\views\modules\crear-venta.php on line 69
[07-Jun-2021 21:44:40 Europe/Berlin] PHP Notice:  Undefined index: idusuario in C:\xampp\htdocs\grifos\views\modules\crear-venta.php on line 71
[07-Jun-2021 21:45:21 Europe/Berlin] PHP Notice:  Undefined index: nombres in C:\xampp\htdocs\grifos\views\modules\crear-venta.php on line 69
[07-Jun-2021 21:45:21 Europe/Berlin] PHP Notice:  Undefined index: idusuario in C:\xampp\htdocs\grifos\views\modules\crear-venta.php on line 71
[07-Jun-2021 21:45:58 Europe/Berlin] PHP Notice:  Undefined index: nombres in C:\xampp\htdocs\grifos\views\modules\crear-venta.php on line 69
[07-Jun-2021 21:45:58 Europe/Berlin] PHP Notice:  Undefined index: idusuario in C:\xampp\htdocs\grifos\views\modules\crear-venta.php on line 71
[07-Jun-2021 21:46:24 Europe/Berlin] PHP Notice:  Undefined index: nombres in C:\xampp\htdocs\grifos\views\modules\crear-venta.php on line 69
[07-Jun-2021 21:46:24 Europe/Berlin] PHP Notice:  Undefined index: idusuario in C:\xampp\htdocs\grifos\views\modules\crear-venta.php on line 71
[07-Jun-2021 21:47:09 Europe/Berlin] PHP Notice:  Undefined index: nombres in C:\xampp\htdocs\grifos\views\modules\crear-venta.php on line 69
[07-Jun-2021 21:47:09 Europe/Berlin] PHP Notice:  Undefined index: idusuario in C:\xampp\htdocs\grifos\views\modules\crear-venta.php on line 71
[07-Jun-2021 21:48:16 Europe/Berlin] PHP Notice:  Undefined index: nombres in C:\xampp\htdocs\grifos\views\modules\crear-venta.php on line 69
[07-Jun-2021 21:48:16 Europe/Berlin] PHP Notice:  Undefined index: idusuario in C:\xampp\htdocs\grifos\views\modules\crear-venta.php on line 71
[07-Jun-2021 21:48:46 Europe/Berlin] PHP Notice:  Undefined index: nombres in C:\xampp\htdocs\grifos\views\modules\crear-venta.php on line 69
[07-Jun-2021 21:48:46 Europe/Berlin] PHP Notice:  Undefined index: idusuario in C:\xampp\htdocs\grifos\views\modules\crear-venta.php on line 71
[07-Jun-2021 21:49:32 Europe/Berlin] PHP Notice:  Undefined index: nombres in C:\xampp\htdocs\grifos\views\modules\crear-venta.php on line 69
[07-Jun-2021 21:49:32 Europe/Berlin] PHP Notice:  Undefined index: idusuario in C:\xampp\htdocs\grifos\views\modules\crear-venta.php on line 71
[07-Jun-2021 21:50:24 Europe/Berlin] PHP Notice:  Undefined index: nombres in C:\xampp\htdocs\grifos\views\modules\crear-venta.php on line 69
[07-Jun-2021 21:50:24 Europe/Berlin] PHP Notice:  Undefined index: idusuario in C:\xampp\htdocs\grifos\views\modules\crear-venta.php on line 71
[07-Jun-2021 21:50:48 Europe/Berlin] PHP Notice:  Undefined index: nombres in C:\xampp\htdocs\grifos\views\modules\crear-venta.php on line 69
[07-Jun-2021 21:50:48 Europe/Berlin] PHP Notice:  Undefined index: idusuario in C:\xampp\htdocs\grifos\views\modules\crear-venta.php on line 71
[07-Jun-2021 21:55:50 Europe/Berlin] PHP Notice:  Undefined index: nombres in C:\xampp\htdocs\grifos\views\modules\crear-venta.php on line 69
[07-Jun-2021 21:55:50 Europe/Berlin] PHP Notice:  Undefined index: idusuario in C:\xampp\htdocs\grifos\views\modules\crear-venta.php on line 71
[07-Jun-2021 21:56:45 Europe/Berlin] PHP Notice:  Undefined index: nombres in C:\xampp\htdocs\grifos\views\modules\crear-venta.php on line 69
[07-Jun-2021 21:56:45 Europe/Berlin] PHP Notice:  Undefined index: idusuario in C:\xampp\htdocs\grifos\views\modules\crear-venta.php on line 71
[07-Jun-2021 21:57:11 Europe/Berlin] PHP Notice:  Undefined index: nombres in C:\xampp\htdocs\grifos\views\modules\crear-venta.php on line 69
[07-Jun-2021 21:57:11 Europe/Berlin] PHP Notice:  Undefined index: idusuario in C:\xampp\htdocs\grifos\views\modules\crear-venta.php on line 71
[07-Jun-2021 21:59:02 Europe/Berlin] PHP Notice:  Undefined index: nombres in C:\xampp\htdocs\grifos\views\modules\crear-venta.php on line 69
[07-Jun-2021 21:59:02 Europe/Berlin] PHP Notice:  Undefined index: idusuario in C:\xampp\htdocs\grifos\views\modules\crear-venta.php on line 71
[07-Jun-2021 21:59:17 Europe/Berlin] PHP Notice:  Undefined index: descuento in C:\xampp\htdocs\grifos\views\modules\inicio.php on line 18
[07-Jun-2021 21:59:51 Europe/Berlin] PHP Notice:  Undefined index: nombres in C:\xampp\htdocs\grifos\views\modules\crear-venta.php on line 69
[07-Jun-2021 21:59:51 Europe/Berlin] PHP Notice:  Undefined index: idusuario in C:\xampp\htdocs\grifos\views\modules\crear-venta.php on line 71
[07-Jun-2021 22:01:58 Europe/Berlin] PHP Notice:  Undefined index: idusuario in C:\xampp\htdocs\grifos\views\modules\crear-venta.php on line 71
[07-Jun-2021 22:05:35 Europe/Berlin] PHP Notice:  Undefined index: descuento in C:\xampp\htdocs\grifos\views\modules\inicio.php on line 18
